2024-01-17 17:59:46.693 - INFO     - Starting FReVSys unreleased (Framework v1.2.0; HSE Libs v3.8.0) - startup.vi - 0 - 
2024-01-17 17:59:50.068 - DEBUG    - Loading Event Manager... - startup.vi - 0 - 
2024-01-17 17:59:51.196 - INFO     - Module UI Manager initialised - UI Manager.lvlib:Main.vi.ACBRProxyCaller.1E20009A->UI Manager.lvlib:Main.vi - 0 - 
2024-01-17 17:59:51.207 - DEBUG    - Loading UI Manager... - startup.vi - 0 - 
2024-01-17 17:59:55.438 - DEBUG    - Loading "Navigation"... - startup.vi - 0 - 
2024-01-17 17:59:55.440 - INFO     - Module Event Manager initialised - Event Manager.lvlib:Main.vi.ACBRProxyCaller.1D900029->Event Manager.lvlib:Main.vi:4140001 - 0 - 
2024-01-17 18:00:00.654 - DEBUG    - Loading "Dummy"... - startup.vi - 0 - 
2024-01-17 18:00:02.879 - DEBUG    - Loading "ActorModule"... - startup.vi - 0 - 
2024-01-17 18:00:05.207 - INFO     - Module StateMachine started. - StateMachine.lvlib:Main.vi.ACBRProxyCaller.1F90008A->StateMachine.lvlib:Main.vi - 0 - 
2024-01-17 18:00:05.220 - DEBUG    - Loading "StateMachine"... - startup.vi - 0 - 
2024-01-17 18:00:16.000 - INFO     - Module DBModule started. - DBModule.lvlib:Main.vi.ACBRProxyCaller.1FD00087->DBModule.lvlib:Main.vi - 0 - 
2024-01-17 18:00:16.023 - DEBUG    - Loading "DBModule"... - startup.vi - 0 - 
2024-01-17 18:00:16.634 - DEBUG    - Setting Modules in UI Manager... - startup.vi - 0 - 
2024-01-17 18:00:16.884 - DEBUG    - Setting Modules in Event Manager... - startup.vi - 0 - 
2024-01-17 18:00:16.955 - DEBUG    - Loading Menu... - startup.vi - 0 - 
2024-01-17 18:00:17.075 - INFO     - Module Event Manager configured. - Event Manager.lvlib:Main.vi.ACBRProxyCaller.1D900029->Event Manager.lvlib:Main.vi:4140001 - 0 - 
2024-01-17 18:00:17.080 - DEBUG    - Configure statically loaded modules... - startup.vi - 0 - 
2024-01-17 18:00:17.205 - INFO     - Module UI Manager configured. - UI Manager.lvlib:Main.vi.ACBRProxyCaller.1E20009A->UI Manager.lvlib:Main.vi - 0 - 
2024-01-17 18:00:17.272 - DEBUG    - Configure module Framework\Navigation ... - startup.vi - 0 - 
2024-01-17 18:00:17.337 - DEBUG    - Module Navigation configured - Navigation.lvlib:Main.vi.ACBRProxyCaller.1EA00096->Navigation.lvlib:Main.vi - 0 - 
2024-01-17 18:00:17.355 - DEBUG    - Configure module Modules\Dummy ... - startup.vi - 0 - 
2024-01-17 18:00:17.413 - INFO     - Module User Interface configured. - ActorModule.lvlib:Main.vi.ACBRProxyCaller.1F50008D->ActorModule.lvlib:Main.vi - 0 - 
2024-01-17 18:00:17.415 - DEBUG    - Configure module Modules\ActorModule ... - startup.vi - 0 - 
2024-01-17 18:00:17.478 - INFO     - Module StateMachine started. - StateMachine.lvlib:Main.vi.ACBRProxyCaller.1F90008A->StateMachine.lvlib:Main.vi - 0 - 
2024-01-17 18:00:17.479 - DEBUG    - Initialization finished - StateMachine.lvlib:Main.vi.ACBRProxyCaller.1F90008A->StateMachine.lvlib:Main.vi->StateMachine.lvlib:HSE-State-Machine.lvlib:SM Wait for Transition.vi:2550001 - 0 - 
2024-01-17 18:00:17.483 - DEBUG    - Configure module Modules\StateMachine ... - startup.vi - 0 - 
2024-01-17 18:00:17.551 - INFO     - Module DBModule configured. - DBModule.lvlib:Main.vi.ACBRProxyCaller.1FD00087->DBModule.lvlib:Main.vi - 0 - 
2024-01-17 18:00:17.556 - DEBUG    - Configure module Modules\DBModule ... - startup.vi - 0 - 
2024-01-17 18:00:17.622 - ERROR    - DQMH Error Case - DBModule.lvlib:Main.vi.ACBRProxyCaller.1FD00087->DBModule.lvlib:Main.vi - 1003 - Open VI Reference in hse-db.lvlib:DB_CONNECTOR.lvlib:VI Reference Management.lvlib:VI Reference AE.vi->hse-db.lvlib:DB_CONNECTOR.lvlib:VI Reference Management.lvlib:Create.vi:6800001->hse-db.lvlib:DB_CONNECTOR.lvlib:VI Reference Management.lvlib:Get or Create Master Reference.vi:4070001->hse-db.lvlib:DB_CONNECTOR.lvlib:Start Module.vi->DBModule.lvlib:Main.vi->DBModule.lvlib:Main.vi.ACBRProxyCaller.1FD00087<APPEND>VI Path: <b>C:\Users\luisc\OneDrive\Desktop\579-Intelligent-Systems-Term-Project\06_Source\UI\FReVSys_Source\Libraries\hse-db\Source\DB_CONNECTOR\Main.vi</b><DQMH>Event Handling Loop</DQMH>
2024-01-17 18:00:21.200 - INFO     - Module DBModule stopped. - DBModule.lvlib:Main.vi.ACBRProxyCaller.1FD00087->DBModule.lvlib:Main.vi - 0 - 
2024-01-17 18:00:21.276 - DEBUG    - Exit - StateMachine.lvlib:Main.vi.ACBRProxyCaller.1F90008A->StateMachine.lvlib:Main.vi->StateMachine.lvlib:HSE-State-Machine.lvlib:SM Wait for Transition.vi:2550001 - 0 - 
2024-01-17 18:00:21.278 - INFO     - Module StateMachine stopped. - StateMachine.lvlib:Main.vi.ACBRProxyCaller.1F90008A->StateMachine.lvlib:Main.vi - 0 - 
2024-01-17 18:00:21.413 - INFO     - Module Navigation stopped - Navigation.lvlib:Main.vi.ACBRProxyCaller.1EA00096->Navigation.lvlib:Main.vi - 0 - 
2024-01-17 18:00:21.433 - INFO     - Module UI Manager stopped - UI Manager.lvlib:Main.vi.ACBRProxyCaller.1E20009A->UI Manager.lvlib:Main.vi - 0 - 
2024-01-17 18:00:21.563 - INFO     - Module Event Manager stopped - Event Manager.lvlib:Main.vi.ACBRProxyCaller.1D900029->Event Manager.lvlib:Main.vi:4140001 - 0 - 
2024-01-17 18:00:21.599 - INFO     - Application stopped. - startup.vi - 0 - 
2024-01-17 18:05:30.474 - INFO     - Starting FReVSys unreleased (Framework v1.2.0; HSE Libs v3.8.0) - startup.vi - 0 - 
2024-01-17 18:05:31.171 - DEBUG    - Loading Event Manager... - startup.vi - 0 - 
2024-01-17 18:05:31.200 - INFO     - Module Event Manager initialised - Event Manager.lvlib:Main.vi.ACBRProxyCaller.1D400076->Event Manager.lvlib:Main.vi:4140001 - 0 - 
2024-01-17 18:05:31.416 - INFO     - Module UI Manager initialised - UI Manager.lvlib:Main.vi.ACBRProxyCaller.1DC0007F->UI Manager.lvlib:Main.vi - 0 - 
2024-01-17 18:05:31.431 - DEBUG    - Loading UI Manager... - startup.vi - 0 - 
2024-01-17 18:05:31.631 - DEBUG    - Loading "Navigation"... - startup.vi - 0 - 
2024-01-17 18:05:31.872 - DEBUG    - Loading "Dummy"... - startup.vi - 0 - 
2024-01-17 18:05:32.034 - DEBUG    - Loading "ActorModule"... - startup.vi - 0 - 
2024-01-17 18:05:32.196 - INFO     - Module StateMachine started. - StateMachine.lvlib:Main.vi.ACBRProxyCaller.1F200090->StateMachine.lvlib:Main.vi - 0 - 
2024-01-17 18:05:32.208 - DEBUG    - Loading "StateMachine"... - startup.vi - 0 - 
2024-01-17 18:05:32.456 - INFO     - Module DBModule started. - DBModule.lvlib:Main.vi.ACBRProxyCaller.1F600093->DBModule.lvlib:Main.vi - 0 - 
2024-01-17 18:05:32.476 - DEBUG    - Loading "DBModule"... - startup.vi - 0 - 
2024-01-17 18:05:32.623 - DEBUG    - Setting Modules in UI Manager... - startup.vi - 0 - 
2024-01-17 18:05:32.776 - DEBUG    - Setting Modules in Event Manager... - startup.vi - 0 - 
2024-01-17 18:05:32.794 - DEBUG    - Loading Menu... - startup.vi - 0 - 
2024-01-17 18:05:32.837 - INFO     - Module Event Manager configured. - Event Manager.lvlib:Main.vi.ACBRProxyCaller.1D400076->Event Manager.lvlib:Main.vi:4140001 - 0 - 
2024-01-17 18:05:32.844 - DEBUG    - Configure statically loaded modules... - startup.vi - 0 - 
2024-01-17 18:05:32.894 - INFO     - Module UI Manager configured. - UI Manager.lvlib:Main.vi.ACBRProxyCaller.1DC0007F->UI Manager.lvlib:Main.vi - 0 - 
2024-01-17 18:05:32.923 - DEBUG    - Configure module Framework\Navigation ... - startup.vi - 0 - 
2024-01-17 18:05:32.925 - DEBUG    - Module Navigation configured - Navigation.lvlib:Main.vi.ACBRProxyCaller.1E300084->Navigation.lvlib:Main.vi - 0 - 
2024-01-17 18:05:32.966 - DEBUG    - Configure module Modules\Dummy ... - startup.vi - 0 - 
2024-01-17 18:05:32.979 - DEBUG    - Configure module Modules\ActorModule ... - startup.vi - 0 - 
2024-01-17 18:05:32.980 - INFO     - Module User Interface configured. - ActorModule.lvlib:Main.vi.ACBRProxyCaller.1EE0008D->ActorModule.lvlib:Main.vi - 0 - 
2024-01-17 18:05:32.988 - INFO     - Module StateMachine started. - StateMachine.lvlib:Main.vi.ACBRProxyCaller.1F200090->StateMachine.lvlib:Main.vi - 0 - 
2024-01-17 18:05:32.989 - DEBUG    - Initialization finished - StateMachine.lvlib:Main.vi.ACBRProxyCaller.1F200090->StateMachine.lvlib:Main.vi->StateMachine.lvlib:HSE-State-Machine.lvlib:SM Wait for Transition.vi:2550001 - 0 - 
2024-01-17 18:05:33.003 - DEBUG    - Configure module Modules\StateMachine ... - startup.vi - 0 - 
2024-01-17 18:05:33.009 - INFO     - Module DBModule configured. - DBModule.lvlib:Main.vi.ACBRProxyCaller.1F600093->DBModule.lvlib:Main.vi - 0 - 
2024-01-17 18:05:33.023 - DEBUG    - Configure module Modules\DBModule ... - startup.vi - 0 - 
2024-01-17 18:05:33.041 - ERROR    - DQMH Error Case - DBModule.lvlib:Main.vi.ACBRProxyCaller.1F600093->DBModule.lvlib:Main.vi - 1003 - Open VI Reference in hse-db.lvlib:DB_CONNECTOR.lvlib:VI Reference Management.lvlib:VI Reference AE.vi->hse-db.lvlib:DB_CONNECTOR.lvlib:VI Reference Management.lvlib:Create.vi:6800001->hse-db.lvlib:DB_CONNECTOR.lvlib:VI Reference Management.lvlib:Get or Create Master Reference.vi:4070001->hse-db.lvlib:DB_CONNECTOR.lvlib:Start Module.vi->DBModule.lvlib:Main.vi->DBModule.lvlib:Main.vi.ACBRProxyCaller.1F600093<APPEND>VI Path: <b>C:\Users\luisc\OneDrive\Desktop\579-Intelligent-Systems-Term-Project\06_Source\UI\FReVSys_Source\Libraries\hse-db\Source\DB_CONNECTOR\Main.vi</b><DQMH>Event Handling Loop</DQMH>
2024-01-17 18:05:35.881 - INFO     - Module DBModule stopped. - DBModule.lvlib:Main.vi.ACBRProxyCaller.1F600093->DBModule.lvlib:Main.vi - 0 - 
2024-01-17 18:05:35.957 - DEBUG    - Exit - StateMachine.lvlib:Main.vi.ACBRProxyCaller.1F200090->StateMachine.lvlib:Main.vi->StateMachine.lvlib:HSE-State-Machine.lvlib:SM Wait for Transition.vi:2550001 - 0 - 
2024-01-17 18:05:35.964 - INFO     - Module StateMachine stopped. - StateMachine.lvlib:Main.vi.ACBRProxyCaller.1F200090->StateMachine.lvlib:Main.vi - 0 - 
2024-01-17 18:05:36.137 - INFO     - Module Navigation stopped - Navigation.lvlib:Main.vi.ACBRProxyCaller.1E300084->Navigation.lvlib:Main.vi - 0 - 
2024-01-17 18:05:36.171 - INFO     - Module UI Manager stopped - UI Manager.lvlib:Main.vi.ACBRProxyCaller.1DC0007F->UI Manager.lvlib:Main.vi - 0 - 
2024-01-17 18:05:36.327 - INFO     - Module Event Manager stopped - Event Manager.lvlib:Main.vi.ACBRProxyCaller.1D400076->Event Manager.lvlib:Main.vi:4140001 - 0 - 
2024-01-17 18:05:36.360 - INFO     - Application stopped. - startup.vi - 0 - 
2024-01-17 18:19:56.003 - INFO     - Starting FReVSys unreleased (Framework v1.2.0; HSE Libs v3.8.0) - startup.vi - 0 - 
2024-01-17 18:19:56.693 - DEBUG    - Loading Event Manager... - startup.vi - 0 - 
2024-01-17 18:19:56.936 - INFO     - Module UI Manager initialised - UI Manager.lvlib:Main.vi.ACBRProxyCaller.9C60007F->UI Manager.lvlib:Main.vi - 0 - 
2024-01-17 18:19:56.943 - DEBUG    - Loading UI Manager... - startup.vi - 0 - 
2024-01-17 18:19:57.154 - DEBUG    - Loading "Navigation"... - startup.vi - 0 - 
2024-01-17 18:19:57.390 - INFO     - Module Event Manager initialised - Event Manager.lvlib:Main.vi.ACBRProxyCaller.9BE0008D->Event Manager.lvlib:Main.vi:4140001 - 0 - 
2024-01-17 18:19:57.421 - DEBUG    - Loading "Dummy"... - startup.vi - 0 - 
2024-01-17 18:19:57.595 - DEBUG    - Loading "ActorModule"... - startup.vi - 0 - 
2024-01-17 18:19:57.767 - INFO     - Module StateMachine started. - StateMachine.lvlib:Main.vi.ACBRProxyCaller.9DC0008C->StateMachine.lvlib:Main.vi - 0 - 
2024-01-17 18:19:57.779 - DEBUG    - Loading "StateMachine"... - startup.vi - 0 - 
2024-01-17 18:19:58.034 - INFO     - Module DBModule started. - DBModule.lvlib:Main.vi.ACBRProxyCaller.9E00007C->DBModule.lvlib:Main.vi - 0 - 
2024-01-17 18:19:58.045 - DEBUG    - Loading "DBModule"... - startup.vi - 0 - 
2024-01-17 18:19:58.201 - DEBUG    - Setting Modules in UI Manager... - startup.vi - 0 - 
2024-01-17 18:19:58.369 - DEBUG    - Setting Modules in Event Manager... - startup.vi - 0 - 
2024-01-17 18:19:58.385 - DEBUG    - Loading Menu... - startup.vi - 0 - 
2024-01-17 18:19:58.448 - INFO     - Module Event Manager configured. - Event Manager.lvlib:Main.vi.ACBRProxyCaller.9BE0008D->Event Manager.lvlib:Main.vi:4140001 - 0 - 
2024-01-17 18:19:58.461 - DEBUG    - Configure statically loaded modules... - startup.vi - 0 - 
2024-01-17 18:19:58.530 - INFO     - Module UI Manager configured. - UI Manager.lvlib:Main.vi.ACBRProxyCaller.9C60007F->UI Manager.lvlib:Main.vi - 0 - 
2024-01-17 18:19:58.556 - DEBUG    - Module Navigation configured - Navigation.lvlib:Main.vi.ACBRProxyCaller.9CD0002C->Navigation.lvlib:Main.vi - 0 - 
2024-01-17 18:19:58.557 - DEBUG    - Configure module Framework\Navigation ... - startup.vi - 0 - 
2024-01-17 18:19:58.605 - DEBUG    - Configure module Modules\Dummy ... - startup.vi - 0 - 
2024-01-17 18:19:58.621 - INFO     - Module User Interface configured. - ActorModule.lvlib:Main.vi.ACBRProxyCaller.9D800082->ActorModule.lvlib:Main.vi - 0 - 
2024-01-17 18:19:58.627 - DEBUG    - Configure module Modules\ActorModule ... - startup.vi - 0 - 
2024-01-17 18:19:58.639 - INFO     - Module StateMachine started. - StateMachine.lvlib:Main.vi.ACBRProxyCaller.9DC0008C->StateMachine.lvlib:Main.vi - 0 - 
2024-01-17 18:19:58.641 - DEBUG    - Initialization finished - StateMachine.lvlib:Main.vi.ACBRProxyCaller.9DC0008C->StateMachine.lvlib:Main.vi->StateMachine.lvlib:HSE-State-Machine.lvlib:SM Wait for Transition.vi:2550001 - 0 - 
2024-01-17 18:19:58.642 - DEBUG    - Configure module Modules\StateMachine ... - startup.vi - 0 - 
2024-01-17 18:19:58.662 - INFO     - Module DBModule configured. - DBModule.lvlib:Main.vi.ACBRProxyCaller.9E00007C->DBModule.lvlib:Main.vi - 0 - 
2024-01-17 18:19:58.671 - DEBUG    - Configure module Modules\DBModule ... - startup.vi - 0 - 
2024-01-17 18:19:58.692 - ERROR    - DQMH Error Case - DBModule.lvlib:Main.vi.ACBRProxyCaller.9E00007C->DBModule.lvlib:Main.vi - 1003 - Open VI Reference in hse-db.lvlib:DB_CONNECTOR.lvlib:VI Reference Management.lvlib:VI Reference AE.vi->hse-db.lvlib:DB_CONNECTOR.lvlib:VI Reference Management.lvlib:Create.vi:6800001->hse-db.lvlib:DB_CONNECTOR.lvlib:VI Reference Management.lvlib:Get or Create Master Reference.vi:4070001->hse-db.lvlib:DB_CONNECTOR.lvlib:Start Module.vi->DBModule.lvlib:Main.vi->DBModule.lvlib:Main.vi.ACBRProxyCaller.9E00007C<APPEND>VI Path: <b>C:\Users\luisc\OneDrive\Desktop\579-Intelligent-Systems-Term-Project\06_Source\UI\FReVSys_Source\Libraries\hse-db\Source\DB_CONNECTOR\Main.vi</b><DQMH>Event Handling Loop</DQMH>
2024-01-17 18:20:03.107 - INFO     - Module DBModule stopped. - DBModule.lvlib:Main.vi.ACBRProxyCaller.9E00007C->DBModule.lvlib:Main.vi - 0 - 
2024-01-17 18:20:03.183 - DEBUG    - Exit - StateMachine.lvlib:Main.vi.ACBRProxyCaller.9DC0008C->StateMachine.lvlib:Main.vi->StateMachine.lvlib:HSE-State-Machine.lvlib:SM Wait for Transition.vi:2550001 - 0 - 
2024-01-17 18:20:03.185 - INFO     - Module StateMachine stopped. - StateMachine.lvlib:Main.vi.ACBRProxyCaller.9DC0008C->StateMachine.lvlib:Main.vi - 0 - 
2024-01-17 18:20:03.353 - INFO     - Module Navigation stopped - Navigation.lvlib:Main.vi.ACBRProxyCaller.9CD0002C->Navigation.lvlib:Main.vi - 0 - 
2024-01-17 18:20:03.388 - INFO     - Module UI Manager stopped - UI Manager.lvlib:Main.vi.ACBRProxyCaller.9C60007F->UI Manager.lvlib:Main.vi - 0 - 
2024-01-17 18:20:03.543 - INFO     - Module Event Manager stopped - Event Manager.lvlib:Main.vi.ACBRProxyCaller.9BE0008D->Event Manager.lvlib:Main.vi:4140001 - 0 - 
2024-01-17 18:20:03.572 - INFO     - Application stopped. - startup.vi - 0 - 
2024-01-17 18:20:07.735 - INFO     - Starting FReVSys unreleased (Framework v1.2.0; HSE Libs v3.8.0) - startup.vi - 0 - 
2024-01-17 18:20:08.410 - DEBUG    - Loading Event Manager... - startup.vi - 0 - 
2024-01-17 18:20:08.611 - INFO     - Module UI Manager initialised - UI Manager.lvlib:Main.vi.ACBRProxyCaller.A2600089->UI Manager.lvlib:Main.vi - 0 - 
2024-01-17 18:20:08.620 - DEBUG    - Loading UI Manager... - startup.vi - 0 - 
2024-01-17 18:20:08.803 - DEBUG    - Loading "Navigation"... - startup.vi - 0 - 
2024-01-17 18:20:08.812 - INFO     - Module Event Manager initialised - Event Manager.lvlib:Main.vi.ACBRProxyCaller.A1E0008D->Event Manager.lvlib:Main.vi:4140001 - 0 - 
2024-01-17 18:20:09.028 - DEBUG    - Loading "Dummy"... - startup.vi - 0 - 
2024-01-17 18:20:09.182 - DEBUG    - Loading "ActorModule"... - startup.vi - 0 - 
2024-01-17 18:20:09.340 - INFO     - Module StateMachine started. - StateMachine.lvlib:Main.vi.ACBRProxyCaller.A3C00092->StateMachine.lvlib:Main.vi - 0 - 
2024-01-17 18:20:09.350 - DEBUG    - Loading "StateMachine"... - startup.vi - 0 - 
2024-01-17 18:20:09.592 - INFO     - Module DBModule started. - DBModule.lvlib:Main.vi.ACBRProxyCaller.A4000034->DBModule.lvlib:Main.vi - 0 - 
2024-01-17 18:20:09.609 - DEBUG    - Loading "DBModule"... - startup.vi - 0 - 
2024-01-17 18:20:09.773 - DEBUG    - Setting Modules in UI Manager... - startup.vi - 0 - 
2024-01-17 18:20:09.921 - DEBUG    - Setting Modules in Event Manager... - startup.vi - 0 - 
2024-01-17 18:20:09.950 - DEBUG    - Loading Menu... - startup.vi - 0 - 
2024-01-17 18:20:09.986 - INFO     - Module Event Manager configured. - Event Manager.lvlib:Main.vi.ACBRProxyCaller.A1E0008D->Event Manager.lvlib:Main.vi:4140001 - 0 - 
2024-01-17 18:20:09.992 - DEBUG    - Configure statically loaded modules... - startup.vi - 0 - 
2024-01-17 18:20:10.037 - INFO     - Module UI Manager configured. - UI Manager.lvlib:Main.vi.ACBRProxyCaller.A2600089->UI Manager.lvlib:Main.vi - 0 - 
2024-01-17 18:20:10.064 - DEBUG    - Configure module Framework\Navigation ... - startup.vi - 0 - 
2024-01-17 18:20:10.070 - DEBUG    - Module Navigation configured - Navigation.lvlib:Main.vi.ACBRProxyCaller.A2D0007F->Navigation.lvlib:Main.vi - 0 - 
2024-01-17 18:20:10.111 - DEBUG    - Configure module Modules\Dummy ... - startup.vi - 0 - 
2024-01-17 18:20:10.125 - DEBUG    - Configure module Modules\ActorModule ... - startup.vi - 0 - 
2024-01-17 18:20:10.126 - INFO     - Module User Interface configured. - ActorModule.lvlib:Main.vi.ACBRProxyCaller.A3800086->ActorModule.lvlib:Main.vi - 0 - 
2024-01-17 18:20:10.149 - DEBUG    - Configure module Modules\StateMachine ... - startup.vi - 0 - 
2024-01-17 18:20:10.150 - INFO     - Module StateMachine started. - StateMachine.lvlib:Main.vi.ACBRProxyCaller.A3C00092->StateMachine.lvlib:Main.vi - 0 - 
2024-01-17 18:20:10.151 - DEBUG    - Initialization finished - StateMachine.lvlib:Main.vi.ACBRProxyCaller.A3C00092->StateMachine.lvlib:Main.vi->StateMachine.lvlib:HSE-State-Machine.lvlib:SM Wait for Transition.vi:2550001 - 0 - 
2024-01-17 18:20:10.157 - INFO     - Module DBModule configured. - DBModule.lvlib:Main.vi.ACBRProxyCaller.A4000034->DBModule.lvlib:Main.vi - 0 - 
2024-01-17 18:20:10.170 - DEBUG    - Configure module Modules\DBModule ... - startup.vi - 0 - 
2024-01-17 18:20:10.190 - ERROR    - DQMH Error Case - DBModule.lvlib:Main.vi.ACBRProxyCaller.A4000034->DBModule.lvlib:Main.vi - 1003 - Open VI Reference in hse-db.lvlib:DB_CONNECTOR.lvlib:VI Reference Management.lvlib:VI Reference AE.vi->hse-db.lvlib:DB_CONNECTOR.lvlib:VI Reference Management.lvlib:Create.vi:6800001->hse-db.lvlib:DB_CONNECTOR.lvlib:VI Reference Management.lvlib:Get or Create Master Reference.vi:4070001->hse-db.lvlib:DB_CONNECTOR.lvlib:Start Module.vi->DBModule.lvlib:Main.vi->DBModule.lvlib:Main.vi.ACBRProxyCaller.A4000034<APPEND>VI Path: <b>C:\Users\luisc\OneDrive\Desktop\579-Intelligent-Systems-Term-Project\06_Source\UI\FReVSys_Source\Libraries\hse-db\Source\DB_CONNECTOR\Main.vi</b><DQMH>Event Handling Loop</DQMH>
2024-01-17 18:20:19.611 - INFO     - Module DBModule stopped. - DBModule.lvlib:Main.vi.ACBRProxyCaller.A4000034->DBModule.lvlib:Main.vi - 0 - 
2024-01-17 18:20:19.694 - DEBUG    - Exit - StateMachine.lvlib:Main.vi.ACBRProxyCaller.A3C00092->StateMachine.lvlib:Main.vi->StateMachine.lvlib:HSE-State-Machine.lvlib:SM Wait for Transition.vi:2550001 - 0 - 
2024-01-17 18:20:19.701 - INFO     - Module StateMachine stopped. - StateMachine.lvlib:Main.vi.ACBRProxyCaller.A3C00092->StateMachine.lvlib:Main.vi - 0 - 
2024-01-17 18:20:19.864 - INFO     - Module Navigation stopped - Navigation.lvlib:Main.vi.ACBRProxyCaller.A2D0007F->Navigation.lvlib:Main.vi - 0 - 
2024-01-17 18:20:19.900 - INFO     - Module UI Manager stopped - UI Manager.lvlib:Main.vi.ACBRProxyCaller.A2600089->UI Manager.lvlib:Main.vi - 0 - 
2024-01-17 18:20:20.054 - INFO     - Module Event Manager stopped - Event Manager.lvlib:Main.vi.ACBRProxyCaller.A1E0008D->Event Manager.lvlib:Main.vi:4140001 - 0 - 
2024-01-17 18:20:20.082 - INFO     - Application stopped. - startup.vi - 0 - 
2024-01-17 18:20:25.376 - INFO     - Starting FReVSys unreleased (Framework v1.2.0; HSE Libs v3.8.0) - startup.vi - 0 - 
2024-01-17 18:20:26.060 - DEBUG    - Loading Event Manager... - startup.vi - 0 - 
2024-01-17 18:20:26.267 - INFO     - Module UI Manager initialised - UI Manager.lvlib:Main.vi.ACBRProxyCaller.A8600079->UI Manager.lvlib:Main.vi - 0 - 
2024-01-17 18:20:26.276 - DEBUG    - Loading UI Manager... - startup.vi - 0 - 
2024-01-17 18:20:26.459 - DEBUG    - Loading "Navigation"... - startup.vi - 0 - 
2024-01-17 18:20:26.656 - INFO     - Module Event Manager initialised - Event Manager.lvlib:Main.vi.ACBRProxyCaller.A7E0008D->Event Manager.lvlib:Main.vi:4140001 - 0 - 
2024-01-17 18:20:26.690 - DEBUG    - Loading "Dummy"... - startup.vi - 0 - 
2024-01-17 18:20:26.876 - DEBUG    - Loading "ActorModule"... - startup.vi - 0 - 
2024-01-17 18:20:27.049 - INFO     - Module StateMachine started. - StateMachine.lvlib:Main.vi.ACBRProxyCaller.A9C00084->StateMachine.lvlib:Main.vi - 0 - 
2024-01-17 18:20:27.061 - DEBUG    - Loading "StateMachine"... - startup.vi - 0 - 
2024-01-17 18:20:27.321 - INFO     - Module DBModule started. - DBModule.lvlib:Main.vi.ACBRProxyCaller.AA00008E->DBModule.lvlib:Main.vi - 0 - 
2024-01-17 18:20:27.342 - DEBUG    - Loading "DBModule"... - startup.vi - 0 - 
2024-01-17 18:20:27.493 - DEBUG    - Setting Modules in UI Manager... - startup.vi - 0 - 
2024-01-17 18:20:27.642 - DEBUG    - Setting Modules in Event Manager... - startup.vi - 0 - 
2024-01-17 18:20:27.662 - DEBUG    - Loading Menu... - startup.vi - 0 - 
2024-01-17 18:20:27.693 - INFO     - Module Event Manager configured. - Event Manager.lvlib:Main.vi.ACBRProxyCaller.A7E0008D->Event Manager.lvlib:Main.vi:4140001 - 0 - 
2024-01-17 18:20:27.700 - DEBUG    - Configure statically loaded modules... - startup.vi - 0 - 
2024-01-17 18:20:27.758 - INFO     - Module UI Manager configured. - UI Manager.lvlib:Main.vi.ACBRProxyCaller.A8600079->UI Manager.lvlib:Main.vi - 0 - 
2024-01-17 18:20:27.794 - DEBUG    - Configure module Framework\Navigation ... - startup.vi - 0 - 
2024-01-17 18:20:27.802 - DEBUG    - Module Navigation configured - Navigation.lvlib:Main.vi.ACBRProxyCaller.A8D00089->Navigation.lvlib:Main.vi - 0 - 
2024-01-17 18:20:27.860 - DEBUG    - Configure module Modules\Dummy ... - startup.vi - 0 - 
2024-01-17 18:20:27.871 - INFO     - Module User Interface configured. - ActorModule.lvlib:Main.vi.ACBRProxyCaller.A9800098->ActorModule.lvlib:Main.vi - 0 - 
2024-01-17 18:20:27.879 - DEBUG    - Configure module Modules\ActorModule ... - startup.vi - 0 - 
2024-01-17 18:20:27.889 - INFO     - Module StateMachine started. - StateMachine.lvlib:Main.vi.ACBRProxyCaller.A9C00084->StateMachine.lvlib:Main.vi - 0 - 
2024-01-17 18:20:27.890 - DEBUG    - Initialization finished - StateMachine.lvlib:Main.vi.ACBRProxyCaller.A9C00084->StateMachine.lvlib:Main.vi->StateMachine.lvlib:HSE-State-Machine.lvlib:SM Wait for Transition.vi:2550001 - 0 - 
2024-01-17 18:20:27.902 - DEBUG    - Configure module Modules\StateMachine ... - startup.vi - 0 - 
2024-01-17 18:20:27.929 - DEBUG    - Configure module Modules\DBModule ... - startup.vi - 0 - 
2024-01-17 18:20:27.930 - INFO     - Module DBModule configured. - DBModule.lvlib:Main.vi.ACBRProxyCaller.AA00008E->DBModule.lvlib:Main.vi - 0 - 
2024-01-17 18:20:27.947 - ERROR    - DQMH Error Case - DBModule.lvlib:Main.vi.ACBRProxyCaller.AA00008E->DBModule.lvlib:Main.vi - 1003 - Open VI Reference in hse-db.lvlib:DB_CONNECTOR.lvlib:VI Reference Management.lvlib:VI Reference AE.vi->hse-db.lvlib:DB_CONNECTOR.lvlib:VI Reference Management.lvlib:Create.vi:6800001->hse-db.lvlib:DB_CONNECTOR.lvlib:VI Reference Management.lvlib:Get or Create Master Reference.vi:4070001->hse-db.lvlib:DB_CONNECTOR.lvlib:Start Module.vi->DBModule.lvlib:Main.vi->DBModule.lvlib:Main.vi.ACBRProxyCaller.AA00008E<APPEND>VI Path: <b>C:\Users\luisc\OneDrive\Desktop\579-Intelligent-Systems-Term-Project\06_Source\UI\FReVSys_Source\Libraries\hse-db\Source\DB_CONNECTOR\Main.vi</b><DQMH>Event Handling Loop</DQMH>
2024-01-17 18:20:38.411 - INFO     - Module DBModule stopped. - DBModule.lvlib:Main.vi.ACBRProxyCaller.AA00008E->DBModule.lvlib:Main.vi - 0 - 
2024-01-17 18:20:38.489 - DEBUG    - Exit - StateMachine.lvlib:Main.vi.ACBRProxyCaller.A9C00084->StateMachine.lvlib:Main.vi->StateMachine.lvlib:HSE-State-Machine.lvlib:SM Wait for Transition.vi:2550001 - 0 - 
2024-01-17 18:20:38.491 - INFO     - Module StateMachine stopped. - StateMachine.lvlib:Main.vi.ACBRProxyCaller.A9C00084->StateMachine.lvlib:Main.vi - 0 - 
2024-01-17 18:20:38.669 - INFO     - Module Navigation stopped - Navigation.lvlib:Main.vi.ACBRProxyCaller.A8D00089->Navigation.lvlib:Main.vi - 0 - 
2024-01-17 18:20:38.704 - INFO     - Module UI Manager stopped - UI Manager.lvlib:Main.vi.ACBRProxyCaller.A8600079->UI Manager.lvlib:Main.vi - 0 - 
2024-01-17 18:20:39.830 - INFO     - Module Event Manager stopped - Event Manager.lvlib:Main.vi.ACBRProxyCaller.A7E0008D->Event Manager.lvlib:Main.vi:4140001 - 0 - 
2024-01-17 18:20:40.509 - INFO     - Application stopped. - startup.vi - 0 - 
2024-01-17 18:20:43.236 - INFO     - Starting FReVSys unreleased (Framework v1.2.0; HSE Libs v3.8.0) - startup.vi - 0 - 
2024-01-17 18:20:43.924 - DEBUG    - Loading Event Manager... - startup.vi - 0 - 
2024-01-17 18:20:44.140 - INFO     - Module UI Manager initialised - UI Manager.lvlib:Main.vi.ACBRProxyCaller.AE800094->UI Manager.lvlib:Main.vi - 0 - 
2024-01-17 18:20:44.148 - DEBUG    - Loading UI Manager... - startup.vi - 0 - 
2024-01-17 18:20:44.395 - DEBUG    - Loading "Navigation"... - startup.vi - 0 - 
2024-01-17 18:20:44.671 - INFO     - Module Event Manager initialised - Event Manager.lvlib:Main.vi.ACBRProxyCaller.AE00008D->Event Manager.lvlib:Main.vi:4140001 - 0 - 
2024-01-17 18:20:44.698 - DEBUG    - Loading "Dummy"... - startup.vi - 0 - 
2024-01-17 18:20:44.892 - DEBUG    - Loading "ActorModule"... - startup.vi - 0 - 
2024-01-17 18:20:45.068 - INFO     - Module StateMachine started. - StateMachine.lvlib:Main.vi.ACBRProxyCaller.AFE00096->StateMachine.lvlib:Main.vi - 0 - 
2024-01-17 18:20:45.078 - DEBUG    - Loading "StateMachine"... - startup.vi - 0 - 
2024-01-17 18:20:45.332 - INFO     - Module DBModule started. - DBModule.lvlib:Main.vi.ACBRProxyCaller.B020008A->DBModule.lvlib:Main.vi - 0 - 
2024-01-17 18:20:45.352 - DEBUG    - Loading "DBModule"... - startup.vi - 0 - 
2024-01-17 18:20:45.503 - DEBUG    - Setting Modules in UI Manager... - startup.vi - 0 - 
2024-01-17 18:20:45.658 - DEBUG    - Setting Modules in Event Manager... - startup.vi - 0 - 
2024-01-17 18:20:45.677 - DEBUG    - Loading Menu... - startup.vi - 0 - 
2024-01-17 18:20:45.709 - INFO     - Module Event Manager configured. - Event Manager.lvlib:Main.vi.ACBRProxyCaller.AE00008D->Event Manager.lvlib:Main.vi:4140001 - 0 - 
2024-01-17 18:20:45.722 - DEBUG    - Configure statically loaded modules... - startup.vi - 0 - 
2024-01-17 18:20:45.774 - INFO     - Module UI Manager configured. - UI Manager.lvlib:Main.vi.ACBRProxyCaller.AE800094->UI Manager.lvlib:Main.vi - 0 - 
2024-01-17 18:20:45.799 - DEBUG    - Configure module Framework\Navigation ... - startup.vi - 0 - 
2024-01-17 18:20:45.806 - DEBUG    - Module Navigation configured - Navigation.lvlib:Main.vi.ACBRProxyCaller.AEF00079->Navigation.lvlib:Main.vi - 0 - 
2024-01-17 18:20:45.850 - DEBUG    - Configure module Modules\Dummy ... - startup.vi - 0 - 
2024-01-17 18:20:45.865 - INFO     - Module User Interface configured. - ActorModule.lvlib:Main.vi.ACBRProxyCaller.AFA0009E->ActorModule.lvlib:Main.vi - 0 - 
2024-01-17 18:20:45.872 - DEBUG    - Configure module Modules\ActorModule ... - startup.vi - 0 - 
2024-01-17 18:20:45.879 - INFO     - Module StateMachine started. - StateMachine.lvlib:Main.vi.ACBRProxyCaller.AFE00096->StateMachine.lvlib:Main.vi - 0 - 
2024-01-17 18:20:45.880 - DEBUG    - Initialization finished - StateMachine.lvlib:Main.vi.ACBRProxyCaller.AFE00096->StateMachine.lvlib:Main.vi->StateMachine.lvlib:HSE-State-Machine.lvlib:SM Wait for Transition.vi:2550001 - 0 - 
2024-01-17 18:20:45.892 - DEBUG    - Configure module Modules\StateMachine ... - startup.vi - 0 - 
2024-01-17 18:20:45.900 - INFO     - Module DBModule configured. - DBModule.lvlib:Main.vi.ACBRProxyCaller.B020008A->DBModule.lvlib:Main.vi - 0 - 
2024-01-17 18:20:45.914 - DEBUG    - Configure module Modules\DBModule ... - startup.vi - 0 - 
2024-01-17 18:20:45.937 - ERROR    - DQMH Error Case - DBModule.lvlib:Main.vi.ACBRProxyCaller.B020008A->DBModule.lvlib:Main.vi - 1003 - Open VI Reference in hse-db.lvlib:DB_CONNECTOR.lvlib:VI Reference Management.lvlib:VI Reference AE.vi->hse-db.lvlib:DB_CONNECTOR.lvlib:VI Reference Management.lvlib:Create.vi:6800001->hse-db.lvlib:DB_CONNECTOR.lvlib:VI Reference Management.lvlib:Get or Create Master Reference.vi:4070001->hse-db.lvlib:DB_CONNECTOR.lvlib:Start Module.vi->DBModule.lvlib:Main.vi->DBModule.lvlib:Main.vi.ACBRProxyCaller.B020008A<APPEND>VI Path: <b>C:\Users\luisc\OneDrive\Desktop\579-Intelligent-Systems-Term-Project\06_Source\UI\FReVSys_Source\Libraries\hse-db\Source\DB_CONNECTOR\Main.vi</b><DQMH>Event Handling Loop</DQMH>
2024-01-17 18:21:05.793 - INFO     - Module DBModule stopped. - DBModule.lvlib:Main.vi.ACBRProxyCaller.B020008A->DBModule.lvlib:Main.vi - 0 - 
2024-01-17 18:21:06.645 - DEBUG    - Exit - StateMachine.lvlib:Main.vi.ACBRProxyCaller.AFE00096->StateMachine.lvlib:Main.vi->StateMachine.lvlib:HSE-State-Machine.lvlib:SM Wait for Transition.vi:2550001 - 0 - 
2024-01-17 18:21:06.652 - INFO     - Module StateMachine stopped. - StateMachine.lvlib:Main.vi.ACBRProxyCaller.AFE00096->StateMachine.lvlib:Main.vi - 0 - 
2024-01-17 18:21:06.828 - INFO     - Module Navigation stopped - Navigation.lvlib:Main.vi.ACBRProxyCaller.AEF00079->Navigation.lvlib:Main.vi - 0 - 
2024-01-17 18:21:06.861 - INFO     - Module UI Manager stopped - UI Manager.lvlib:Main.vi.ACBRProxyCaller.AE800094->UI Manager.lvlib:Main.vi - 0 - 
2024-01-17 18:21:07.030 - INFO     - Module Event Manager stopped - Event Manager.lvlib:Main.vi.ACBRProxyCaller.AE00008D->Event Manager.lvlib:Main.vi:4140001 - 0 - 
2024-01-17 18:21:07.061 - INFO     - Application stopped. - startup.vi - 0 - 
2024-01-17 18:39:45.654 - INFO     - Starting FReVSys unreleased (Framework v1.2.0; HSE Libs v3.8.0) - startup.vi - 0 - 
2024-01-17 18:39:46.235 - DEBUG    - Loading Event Manager... - startup.vi - 0 - 
2024-01-17 18:39:46.311 - INFO     - Module UI Manager initialised - UI Manager.lvlib:Main.vi.ACBRProxyCaller.27D0000F->UI Manager.lvlib:Main.vi - 0 - 
2024-01-17 18:39:46.313 - DEBUG    - Loading UI Manager... - startup.vi - 0 - 
2024-01-17 18:39:46.313 - INFO     - Module Event Manager initialised - Event Manager.lvlib:Main.vi.ACBRProxyCaller.27500008->Event Manager.lvlib:Main.vi:4140001 - 0 - 
2024-01-17 18:39:46.393 - DEBUG    - Loading "Navigation"... - startup.vi - 0 - 
2024-01-17 18:39:46.473 - DEBUG    - Loading "Dummy"... - startup.vi - 0 - 
2024-01-17 18:39:46.503 - DEBUG    - Loading "ActorModule"... - startup.vi - 0 - 
2024-01-17 18:39:46.533 - INFO     - Module StateMachine started. - StateMachine.lvlib:Main.vi.ACBRProxyCaller.29300020->StateMachine.lvlib:Main.vi - 0 - 
2024-01-17 18:39:46.538 - DEBUG    - Loading "StateMachine"... - startup.vi - 0 - 
2024-01-17 18:39:46.704 - INFO     - Module DBModule started. - DBModule.lvlib:Main.vi.ACBRProxyCaller.29700023->DBModule.lvlib:Main.vi - 0 - 
2024-01-17 18:39:46.714 - DEBUG    - Loading "DBModule"... - startup.vi - 0 - 
2024-01-17 18:39:46.749 - DEBUG    - Setting Modules in UI Manager... - startup.vi - 0 - 
2024-01-17 18:39:46.777 - DEBUG    - Setting Modules in Event Manager... - startup.vi - 0 - 
2024-01-17 18:39:46.785 - DEBUG    - Loading Menu... - startup.vi - 0 - 
2024-01-17 18:39:46.807 - INFO     - Module Event Manager configured. - Event Manager.lvlib:Main.vi.ACBRProxyCaller.27500008->Event Manager.lvlib:Main.vi:4140001 - 0 - 
2024-01-17 18:39:46.808 - DEBUG    - Configure statically loaded modules... - startup.vi - 0 - 
2024-01-17 18:39:46.834 - INFO     - Module UI Manager configured. - UI Manager.lvlib:Main.vi.ACBRProxyCaller.27D0000F->UI Manager.lvlib:Main.vi - 0 - 
2024-01-17 18:39:46.842 - DEBUG    - Module Navigation configured - Navigation.lvlib:Main.vi.ACBRProxyCaller.28400014->Navigation.lvlib:Main.vi - 0 - 
2024-01-17 18:39:46.843 - DEBUG    - Configure module Framework\Navigation ... - startup.vi - 0 - 
2024-01-17 18:39:46.851 - DEBUG    - Configure module Modules\Dummy ... - startup.vi - 0 - 
2024-01-17 18:39:46.855 - INFO     - Module User Interface configured. - ActorModule.lvlib:Main.vi.ACBRProxyCaller.28F0001D->ActorModule.lvlib:Main.vi - 0 - 
2024-01-17 18:39:46.856 - DEBUG    - Configure module Modules\ActorModule ... - startup.vi - 0 - 
2024-01-17 18:39:46.860 - INFO     - Module StateMachine started. - StateMachine.lvlib:Main.vi.ACBRProxyCaller.29300020->StateMachine.lvlib:Main.vi - 0 - 
2024-01-17 18:39:46.861 - DEBUG    - Initialization finished - StateMachine.lvlib:Main.vi.ACBRProxyCaller.29300020->StateMachine.lvlib:Main.vi->StateMachine.lvlib:HSE-State-Machine.lvlib:SM Wait for Transition.vi:2550001 - 0 - 
2024-01-17 18:39:46.863 - DEBUG    - Configure module Modules\StateMachine ... - startup.vi - 0 - 
2024-01-17 18:39:46.868 - INFO     - Module DBModule configured. - DBModule.lvlib:Main.vi.ACBRProxyCaller.29700023->DBModule.lvlib:Main.vi - 0 - 
2024-01-17 18:39:46.871 - DEBUG    - Configure module Modules\DBModule ... - startup.vi - 0 - 
2024-01-17 18:40:01.765 - INFO     - Module DBModule stopped. - DBModule.lvlib:Main.vi.ACBRProxyCaller.29700023->DBModule.lvlib:Main.vi - 0 - 
2024-01-17 18:40:01.814 - DEBUG    - Exit - StateMachine.lvlib:Main.vi.ACBRProxyCaller.29300020->StateMachine.lvlib:Main.vi->StateMachine.lvlib:HSE-State-Machine.lvlib:SM Wait for Transition.vi:2550001 - 0 - 
2024-01-17 18:40:01.816 - INFO     - Module StateMachine stopped. - StateMachine.lvlib:Main.vi.ACBRProxyCaller.29300020->StateMachine.lvlib:Main.vi - 0 - 
2024-01-17 18:40:01.864 - INFO     - Module Navigation stopped - Navigation.lvlib:Main.vi.ACBRProxyCaller.28400014->Navigation.lvlib:Main.vi - 0 - 
2024-01-17 18:40:01.876 - INFO     - Module UI Manager stopped - UI Manager.lvlib:Main.vi.ACBRProxyCaller.27D0000F->UI Manager.lvlib:Main.vi - 0 - 
2024-01-17 18:40:01.903 - INFO     - Module Event Manager stopped - Event Manager.lvlib:Main.vi.ACBRProxyCaller.27500008->Event Manager.lvlib:Main.vi:4140001 - 0 - 
2024-01-17 18:40:01.920 - INFO     - Application stopped. - startup.vi - 0 - 
2024-01-17 18:40:22.948 - INFO     - Starting FReVSys unreleased (Framework v1.2.0; HSE Libs v3.8.0) - startup.vi - 0 - 
2024-01-17 18:40:23.526 - DEBUG    - Loading Event Manager... - startup.vi - 0 - 
2024-01-17 18:40:23.528 - INFO     - Module Event Manager initialised - Event Manager.lvlib:Main.vi.ACBRProxyCaller.53F00008->Event Manager.lvlib:Main.vi:4140001 - 0 - 
2024-01-17 18:40:23.585 - INFO     - Module UI Manager initialised - UI Manager.lvlib:Main.vi.ACBRProxyCaller.5470000F->UI Manager.lvlib:Main.vi - 0 - 
2024-01-17 18:40:23.587 - DEBUG    - Loading UI Manager... - startup.vi - 0 - 
2024-01-17 18:40:23.647 - DEBUG    - Loading "Navigation"... - startup.vi - 0 - 
2024-01-17 18:40:23.708 - DEBUG    - Loading "Dummy"... - startup.vi - 0 - 
2024-01-17 18:40:23.737 - DEBUG    - Loading "ActorModule"... - startup.vi - 0 - 
2024-01-17 18:40:23.766 - INFO     - Module StateMachine started. - StateMachine.lvlib:Main.vi.ACBRProxyCaller.55D00020->StateMachine.lvlib:Main.vi - 0 - 
2024-01-17 18:40:23.773 - DEBUG    - Loading "StateMachine"... - startup.vi - 0 - 
2024-01-17 18:40:23.902 - INFO     - Module DBModule started. - DBModule.lvlib:Main.vi.ACBRProxyCaller.56100023->DBModule.lvlib:Main.vi - 0 - 
2024-01-17 18:40:23.908 - DEBUG    - Loading "DBModule"... - startup.vi - 0 - 
2024-01-17 18:40:23.927 - DEBUG    - Setting Modules in UI Manager... - startup.vi - 0 - 
2024-01-17 18:40:23.946 - DEBUG    - Setting Modules in Event Manager... - startup.vi - 0 - 
2024-01-17 18:40:23.952 - DEBUG    - Loading Menu... - startup.vi - 0 - 
2024-01-17 18:40:23.963 - INFO     - Module Event Manager configured. - Event Manager.lvlib:Main.vi.ACBRProxyCaller.53F00008->Event Manager.lvlib:Main.vi:4140001 - 0 - 
2024-01-17 18:40:23.964 - DEBUG    - Configure statically loaded modules... - startup.vi - 0 - 
2024-01-17 18:40:23.980 - INFO     - Module UI Manager configured. - UI Manager.lvlib:Main.vi.ACBRProxyCaller.5470000F->UI Manager.lvlib:Main.vi - 0 - 
2024-01-17 18:40:23.984 - DEBUG    - Configure module Framework\Navigation ... - startup.vi - 0 - 
2024-01-17 18:40:23.986 - DEBUG    - Module Navigation configured - Navigation.lvlib:Main.vi.ACBRProxyCaller.54E00014->Navigation.lvlib:Main.vi - 0 - 
2024-01-17 18:40:23.990 - DEBUG    - Configure module Modules\Dummy ... - startup.vi - 0 - 
2024-01-17 18:40:23.995 - INFO     - Module User Interface configured. - ActorModule.lvlib:Main.vi.ACBRProxyCaller.5590001D->ActorModule.lvlib:Main.vi - 0 - 
2024-01-17 18:40:23.996 - DEBUG    - Configure module Modules\ActorModule ... - startup.vi - 0 - 
2024-01-17 18:40:23.999 - INFO     - Module StateMachine started. - StateMachine.lvlib:Main.vi.ACBRProxyCaller.55D00020->StateMachine.lvlib:Main.vi - 0 - 
2024-01-17 18:40:24.000 - DEBUG    - Initialization finished - StateMachine.lvlib:Main.vi.ACBRProxyCaller.55D00020->StateMachine.lvlib:Main.vi->StateMachine.lvlib:HSE-State-Machine.lvlib:SM Wait for Transition.vi:2550001 - 0 - 
2024-01-17 18:40:24.000 - DEBUG    - Configure module Modules\StateMachine ... - startup.vi - 0 - 
2024-01-17 18:40:24.003 - INFO     - Module DBModule configured. - DBModule.lvlib:Main.vi.ACBRProxyCaller.56100023->DBModule.lvlib:Main.vi - 0 - 
2024-01-17 18:40:24.005 - DEBUG    - Configure module Modules\DBModule ... - startup.vi - 0 - 
2024-01-17 18:40:59.398 - INFO     - Module DBModule stopped. - DBModule.lvlib:Main.vi.ACBRProxyCaller.56100023->DBModule.lvlib:Main.vi - 0 - 
2024-01-17 18:40:59.451 - DEBUG    - Exit - StateMachine.lvlib:Main.vi.ACBRProxyCaller.55D00020->StateMachine.lvlib:Main.vi->StateMachine.lvlib:HSE-State-Machine.lvlib:SM Wait for Transition.vi:2550001 - 0 - 
2024-01-17 18:40:59.453 - INFO     - Module StateMachine stopped. - StateMachine.lvlib:Main.vi.ACBRProxyCaller.55D00020->StateMachine.lvlib:Main.vi - 0 - 
2024-01-17 18:40:59.512 - INFO     - Module Navigation stopped - Navigation.lvlib:Main.vi.ACBRProxyCaller.54E00014->Navigation.lvlib:Main.vi - 0 - 
2024-01-17 18:40:59.524 - INFO     - Module UI Manager stopped - UI Manager.lvlib:Main.vi.ACBRProxyCaller.5470000F->UI Manager.lvlib:Main.vi - 0 - 
2024-01-17 18:40:59.552 - INFO     - Module Event Manager stopped - Event Manager.lvlib:Main.vi.ACBRProxyCaller.53F00008->Event Manager.lvlib:Main.vi:4140001 - 0 - 
2024-01-17 18:40:59.568 - INFO     - Application stopped. - startup.vi - 0 - 
2024-01-17 18:44:04.171 - INFO     - Starting FReVSys unreleased (Framework v1.2.0; HSE Libs v3.8.0) - startup.vi - 0 - 
2024-01-17 18:44:04.751 - DEBUG    - Loading Event Manager... - startup.vi - 0 - 
2024-01-17 18:44:04.754 - INFO     - Module Event Manager initialised - Event Manager.lvlib:Main.vi.ACBRProxyCaller.55300008->Event Manager.lvlib:Main.vi:4140001 - 0 - 
2024-01-17 18:44:04.823 - INFO     - Module UI Manager initialised - UI Manager.lvlib:Main.vi.ACBRProxyCaller.55B0000F->UI Manager.lvlib:Main.vi - 0 - 
2024-01-17 18:44:04.824 - DEBUG    - Loading UI Manager... - startup.vi - 0 - 
2024-01-17 18:44:04.882 - DEBUG    - Loading "Navigation"... - startup.vi - 0 - 
2024-01-17 18:44:04.945 - DEBUG    - Loading "Dummy"... - startup.vi - 0 - 
2024-01-17 18:44:04.973 - DEBUG    - Loading "ActorModule"... - startup.vi - 0 - 
2024-01-17 18:44:05.000 - INFO     - Module StateMachine started. - StateMachine.lvlib:Main.vi.ACBRProxyCaller.57100020->StateMachine.lvlib:Main.vi - 0 - 
2024-01-17 18:44:05.007 - DEBUG    - Loading "StateMachine"... - startup.vi - 0 - 
2024-01-17 18:44:05.137 - INFO     - Module DBModule started. - DBModule.lvlib:Main.vi.ACBRProxyCaller.57500023->DBModule.lvlib:Main.vi - 0 - 
2024-01-17 18:44:05.145 - DEBUG    - Loading "DBModule"... - startup.vi - 0 - 
2024-01-17 18:44:05.164 - DEBUG    - Setting Modules in UI Manager... - startup.vi - 0 - 
2024-01-17 18:44:05.182 - DEBUG    - Setting Modules in Event Manager... - startup.vi - 0 - 
2024-01-17 18:44:05.191 - DEBUG    - Loading Menu... - startup.vi - 0 - 
2024-01-17 18:44:05.198 - INFO     - Module Event Manager configured. - Event Manager.lvlib:Main.vi.ACBRProxyCaller.55300008->Event Manager.lvlib:Main.vi:4140001 - 0 - 
2024-01-17 18:44:05.199 - DEBUG    - Configure statically loaded modules... - startup.vi - 0 - 
2024-01-17 18:44:05.214 - INFO     - Module UI Manager configured. - UI Manager.lvlib:Main.vi.ACBRProxyCaller.55B0000F->UI Manager.lvlib:Main.vi - 0 - 
2024-01-17 18:44:05.218 - DEBUG    - Module Navigation configured - Navigation.lvlib:Main.vi.ACBRProxyCaller.56200014->Navigation.lvlib:Main.vi - 0 - 
2024-01-17 18:44:05.219 - DEBUG    - Configure module Framework\Navigation ... - startup.vi - 0 - 
2024-01-17 18:44:05.225 - DEBUG    - Configure module Modules\Dummy ... - startup.vi - 0 - 
2024-01-17 18:44:05.229 - INFO     - Module User Interface configured. - ActorModule.lvlib:Main.vi.ACBRProxyCaller.56D0001D->ActorModule.lvlib:Main.vi - 0 - 
2024-01-17 18:44:05.230 - DEBUG    - Configure module Modules\ActorModule ... - startup.vi - 0 - 
2024-01-17 18:44:05.232 - INFO     - Module StateMachine started. - StateMachine.lvlib:Main.vi.ACBRProxyCaller.57100020->StateMachine.lvlib:Main.vi - 0 - 
2024-01-17 18:44:05.233 - DEBUG    - Initialization finished - StateMachine.lvlib:Main.vi.ACBRProxyCaller.57100020->StateMachine.lvlib:Main.vi->StateMachine.lvlib:HSE-State-Machine.lvlib:SM Wait for Transition.vi:2550001 - 0 - 
2024-01-17 18:44:05.234 - DEBUG    - Configure module Modules\StateMachine ... - startup.vi - 0 - 
2024-01-17 18:44:05.238 - INFO     - Module DBModule configured. - DBModule.lvlib:Main.vi.ACBRProxyCaller.57500023->DBModule.lvlib:Main.vi - 0 - 
2024-01-17 18:44:05.240 - DEBUG    - Configure module Modules\DBModule ... - startup.vi - 0 - 
2024-01-17 18:44:13.495 - WARNING  - Loading VI  < Dummy.lvlib:Main.vi > into a subpanel, but VI already in a subpanel  - UI Manager.lvlib:Main.vi.ACBRProxyCaller.55B0000F->UI Manager.lvlib:Main.vi->UI Manager.lvlib:Layout - Module Into Subpanel.vi - 0 - 
2024-01-17 18:44:23.098 - INFO     - Module DBModule stopped. - DBModule.lvlib:Main.vi.ACBRProxyCaller.57500023->DBModule.lvlib:Main.vi - 0 - 
2024-01-17 18:44:23.147 - DEBUG    - Exit - StateMachine.lvlib:Main.vi.ACBRProxyCaller.57100020->StateMachine.lvlib:Main.vi->StateMachine.lvlib:HSE-State-Machine.lvlib:SM Wait for Transition.vi:2550001 - 0 - 
2024-01-17 18:44:23.166 - INFO     - Module StateMachine stopped. - StateMachine.lvlib:Main.vi.ACBRProxyCaller.57100020->StateMachine.lvlib:Main.vi - 0 - 
2024-01-17 18:44:23.213 - INFO     - Module Navigation stopped - Navigation.lvlib:Main.vi.ACBRProxyCaller.56200014->Navigation.lvlib:Main.vi - 0 - 
2024-01-17 18:44:23.225 - INFO     - Module UI Manager stopped - UI Manager.lvlib:Main.vi.ACBRProxyCaller.55B0000F->UI Manager.lvlib:Main.vi - 0 - 
2024-01-17 18:44:23.248 - INFO     - Module Event Manager stopped - Event Manager.lvlib:Main.vi.ACBRProxyCaller.55300008->Event Manager.lvlib:Main.vi:4140001 - 0 - 
2024-01-17 18:44:23.263 - INFO     - Application stopped. - startup.vi - 0 - 
2024-01-17 18:44:27.808 - INFO     - Starting FReVSys unreleased (Framework v1.2.0; HSE Libs v3.8.0) - startup.vi - 0 - 
2024-01-17 18:44:28.381 - DEBUG    - Loading Event Manager... - startup.vi - 0 - 
2024-01-17 18:44:28.384 - INFO     - Module Event Manager initialised - Event Manager.lvlib:Main.vi.ACBRProxyCaller.1EA00008->Event Manager.lvlib:Main.vi:4140001 - 0 - 
2024-01-17 18:44:28.439 - INFO     - Module UI Manager initialised - UI Manager.lvlib:Main.vi.ACBRProxyCaller.1F20000F->UI Manager.lvlib:Main.vi - 0 - 
2024-01-17 18:44:28.441 - DEBUG    - Loading UI Manager... - startup.vi - 0 - 
2024-01-17 18:44:28.507 - DEBUG    - Loading "Navigation"... - startup.vi - 0 - 
2024-01-17 18:44:28.568 - DEBUG    - Loading "Dummy"... - startup.vi - 0 - 
2024-01-17 18:44:28.597 - DEBUG    - Loading "ActorModule"... - startup.vi - 0 - 
2024-01-17 18:44:28.624 - INFO     - Module StateMachine started. - StateMachine.lvlib:Main.vi.ACBRProxyCaller.20800020->StateMachine.lvlib:Main.vi - 0 - 
2024-01-17 18:44:28.632 - DEBUG    - Loading "StateMachine"... - startup.vi - 0 - 
2024-01-17 18:44:28.761 - INFO     - Module DBModule started. - DBModule.lvlib:Main.vi.ACBRProxyCaller.20C00023->DBModule.lvlib:Main.vi - 0 - 
2024-01-17 18:44:28.768 - DEBUG    - Loading "DBModule"... - startup.vi - 0 - 
2024-01-17 18:44:28.788 - DEBUG    - Setting Modules in UI Manager... - startup.vi - 0 - 
2024-01-17 18:44:28.806 - DEBUG    - Setting Modules in Event Manager... - startup.vi - 0 - 
2024-01-17 18:44:28.819 - DEBUG    - Loading Menu... - startup.vi - 0 - 
2024-01-17 18:44:28.830 - INFO     - Module Event Manager configured. - Event Manager.lvlib:Main.vi.ACBRProxyCaller.1EA00008->Event Manager.lvlib:Main.vi:4140001 - 0 - 
2024-01-17 18:44:28.832 - DEBUG    - Configure statically loaded modules... - startup.vi - 0 - 
2024-01-17 18:44:28.846 - INFO     - Module UI Manager configured. - UI Manager.lvlib:Main.vi.ACBRProxyCaller.1F20000F->UI Manager.lvlib:Main.vi - 0 - 
2024-01-17 18:44:28.850 - DEBUG    - Configure module Framework\Navigation ... - startup.vi - 0 - 
2024-01-17 18:44:28.851 - DEBUG    - Module Navigation configured - Navigation.lvlib:Main.vi.ACBRProxyCaller.1F900014->Navigation.lvlib:Main.vi - 0 - 
2024-01-17 18:44:28.855 - DEBUG    - Configure module Modules\Dummy ... - startup.vi - 0 - 
2024-01-17 18:44:28.860 - INFO     - Module User Interface configured. - ActorModule.lvlib:Main.vi.ACBRProxyCaller.2040001D->ActorModule.lvlib:Main.vi - 0 - 
2024-01-17 18:44:28.861 - DEBUG    - Configure module Modules\ActorModule ... - startup.vi - 0 - 
2024-01-17 18:44:28.864 - INFO     - Module StateMachine started. - StateMachine.lvlib:Main.vi.ACBRProxyCaller.20800020->StateMachine.lvlib:Main.vi - 0 - 
2024-01-17 18:44:28.865 - DEBUG    - Initialization finished - StateMachine.lvlib:Main.vi.ACBRProxyCaller.20800020->StateMachine.lvlib:Main.vi->StateMachine.lvlib:HSE-State-Machine.lvlib:SM Wait for Transition.vi:2550001 - 0 - 
2024-01-17 18:44:28.866 - DEBUG    - Configure module Modules\StateMachine ... - startup.vi - 0 - 
2024-01-17 18:44:28.869 - DEBUG    - Configure module Modules\DBModule ... - startup.vi - 0 - 
2024-01-17 18:44:28.870 - INFO     - Module DBModule configured. - DBModule.lvlib:Main.vi.ACBRProxyCaller.20C00023->DBModule.lvlib:Main.vi - 0 - 
2024-01-17 18:44:32.444 - INFO     - Module DBModule stopped. - DBModule.lvlib:Main.vi.ACBRProxyCaller.20C00023->DBModule.lvlib:Main.vi - 0 - 
2024-01-17 18:44:32.495 - DEBUG    - Exit - StateMachine.lvlib:Main.vi.ACBRProxyCaller.20800020->StateMachine.lvlib:Main.vi->StateMachine.lvlib:HSE-State-Machine.lvlib:SM Wait for Transition.vi:2550001 - 0 - 
2024-01-17 18:44:32.497 - INFO     - Module StateMachine stopped. - StateMachine.lvlib:Main.vi.ACBRProxyCaller.20800020->StateMachine.lvlib:Main.vi - 0 - 
2024-01-17 18:44:32.548 - INFO     - Module Navigation stopped - Navigation.lvlib:Main.vi.ACBRProxyCaller.1F900014->Navigation.lvlib:Main.vi - 0 - 
2024-01-17 18:44:32.560 - INFO     - Module UI Manager stopped - UI Manager.lvlib:Main.vi.ACBRProxyCaller.1F20000F->UI Manager.lvlib:Main.vi - 0 - 
2024-01-17 18:44:32.588 - INFO     - Module Event Manager stopped - Event Manager.lvlib:Main.vi.ACBRProxyCaller.1EA00008->Event Manager.lvlib:Main.vi:4140001 - 0 - 
2024-01-17 18:44:32.602 - INFO     - Application stopped. - startup.vi - 0 - 
2024-01-17 18:44:37.495 - INFO     - Starting FReVSys unreleased (Framework v1.2.0; HSE Libs v3.8.0) - startup.vi - 0 - 
2024-01-17 18:44:38.068 - DEBUG    - Loading Event Manager... - startup.vi - 0 - 
2024-01-17 18:44:38.070 - INFO     - Module Event Manager initialised - Event Manager.lvlib:Main.vi.ACBRProxyCaller.75400008->Event Manager.lvlib:Main.vi:4140001 - 0 - 
2024-01-17 18:44:38.124 - INFO     - Module UI Manager initialised - UI Manager.lvlib:Main.vi.ACBRProxyCaller.75C0000F->UI Manager.lvlib:Main.vi - 0 - 
2024-01-17 18:44:38.125 - DEBUG    - Loading UI Manager... - startup.vi - 0 - 
2024-01-17 18:44:38.186 - DEBUG    - Loading "Navigation"... - startup.vi - 0 - 
2024-01-17 18:44:38.246 - DEBUG    - Loading "Dummy"... - startup.vi - 0 - 
2024-01-17 18:44:38.274 - DEBUG    - Loading "ActorModule"... - startup.vi - 0 - 
2024-01-17 18:44:38.302 - INFO     - Module StateMachine started. - StateMachine.lvlib:Main.vi.ACBRProxyCaller.77200020->StateMachine.lvlib:Main.vi - 0 - 
2024-01-17 18:44:38.308 - DEBUG    - Loading "StateMachine"... - startup.vi - 0 - 
2024-01-17 18:44:38.437 - INFO     - Module DBModule started. - DBModule.lvlib:Main.vi.ACBRProxyCaller.77600023->DBModule.lvlib:Main.vi - 0 - 
2024-01-17 18:44:38.444 - DEBUG    - Loading "DBModule"... - startup.vi - 0 - 
2024-01-17 18:44:38.463 - DEBUG    - Setting Modules in UI Manager... - startup.vi - 0 - 
2024-01-17 18:44:38.481 - DEBUG    - Setting Modules in Event Manager... - startup.vi - 0 - 
2024-01-17 18:44:38.490 - DEBUG    - Loading Menu... - startup.vi - 0 - 
2024-01-17 18:44:38.497 - INFO     - Module Event Manager configured. - Event Manager.lvlib:Main.vi.ACBRProxyCaller.75400008->Event Manager.lvlib:Main.vi:4140001 - 0 - 
2024-01-17 18:44:38.500 - DEBUG    - Configure statically loaded modules... - startup.vi - 0 - 
2024-01-17 18:44:38.513 - INFO     - Module UI Manager configured. - UI Manager.lvlib:Main.vi.ACBRProxyCaller.75C0000F->UI Manager.lvlib:Main.vi - 0 - 
2024-01-17 18:44:38.518 - DEBUG    - Configure module Framework\Navigation ... - startup.vi - 0 - 
2024-01-17 18:44:38.519 - DEBUG    - Module Navigation configured - Navigation.lvlib:Main.vi.ACBRProxyCaller.76300014->Navigation.lvlib:Main.vi - 0 - 
2024-01-17 18:44:38.523 - DEBUG    - Configure module Modules\Dummy ... - startup.vi - 0 - 
2024-01-17 18:44:38.527 - INFO     - Module User Interface configured. - ActorModule.lvlib:Main.vi.ACBRProxyCaller.76E0001D->ActorModule.lvlib:Main.vi - 0 - 
2024-01-17 18:44:38.528 - DEBUG    - Configure module Modules\ActorModule ... - startup.vi - 0 - 
2024-01-17 18:44:38.531 - INFO     - Module StateMachine started. - StateMachine.lvlib:Main.vi.ACBRProxyCaller.77200020->StateMachine.lvlib:Main.vi - 0 - 
2024-01-17 18:44:38.532 - DEBUG    - Initialization finished - StateMachine.lvlib:Main.vi.ACBRProxyCaller.77200020->StateMachine.lvlib:Main.vi->StateMachine.lvlib:HSE-State-Machine.lvlib:SM Wait for Transition.vi:2550001 - 0 - 
2024-01-17 18:44:38.533 - DEBUG    - Configure module Modules\StateMachine ... - startup.vi - 0 - 
2024-01-17 18:44:38.535 - INFO     - Module DBModule configured. - DBModule.lvlib:Main.vi.ACBRProxyCaller.77600023->DBModule.lvlib:Main.vi - 0 - 
2024-01-17 18:44:38.536 - DEBUG    - Configure module Modules\DBModule ... - startup.vi - 0 - 
2024-01-17 18:44:40.904 - INFO     - Module DBModule stopped. - DBModule.lvlib:Main.vi.ACBRProxyCaller.77600023->DBModule.lvlib:Main.vi - 0 - 
2024-01-17 18:44:40.951 - DEBUG    - Exit - StateMachine.lvlib:Main.vi.ACBRProxyCaller.77200020->StateMachine.lvlib:Main.vi->StateMachine.lvlib:HSE-State-Machine.lvlib:SM Wait for Transition.vi:2550001 - 0 - 
2024-01-17 18:44:40.953 - INFO     - Module StateMachine stopped. - StateMachine.lvlib:Main.vi.ACBRProxyCaller.77200020->StateMachine.lvlib:Main.vi - 0 - 
2024-01-17 18:44:41.007 - INFO     - Module Navigation stopped - Navigation.lvlib:Main.vi.ACBRProxyCaller.76300014->Navigation.lvlib:Main.vi - 0 - 
2024-01-17 18:44:41.017 - INFO     - Module UI Manager stopped - UI Manager.lvlib:Main.vi.ACBRProxyCaller.75C0000F->UI Manager.lvlib:Main.vi - 0 - 
2024-01-17 18:44:41.048 - INFO     - Module Event Manager stopped - Event Manager.lvlib:Main.vi.ACBRProxyCaller.75400008->Event Manager.lvlib:Main.vi:4140001 - 0 - 
2024-01-17 18:44:41.064 - INFO     - Application stopped. - startup.vi - 0 - 
2024-01-17 18:44:44.692 - INFO     - Starting FReVSys unreleased (Framework v1.2.0; HSE Libs v3.8.0) - startup.vi - 0 - 
2024-01-17 18:44:45.271 - DEBUG    - Loading Event Manager... - startup.vi - 0 - 
2024-01-17 18:44:45.274 - INFO     - Module Event Manager initialised - Event Manager.lvlib:Main.vi.ACBRProxyCaller.3C500008->Event Manager.lvlib:Main.vi:4140001 - 0 - 
2024-01-17 18:44:45.326 - INFO     - Module UI Manager initialised - UI Manager.lvlib:Main.vi.ACBRProxyCaller.3CD0000F->UI Manager.lvlib:Main.vi - 0 - 
2024-01-17 18:44:45.327 - DEBUG    - Loading UI Manager... - startup.vi - 0 - 
2024-01-17 18:44:45.386 - DEBUG    - Loading "Navigation"... - startup.vi - 0 - 
2024-01-17 18:44:45.447 - DEBUG    - Loading "Dummy"... - startup.vi - 0 - 
2024-01-17 18:44:45.474 - DEBUG    - Loading "ActorModule"... - startup.vi - 0 - 
2024-01-17 18:44:45.501 - INFO     - Module StateMachine started. - StateMachine.lvlib:Main.vi.ACBRProxyCaller.3E300020->StateMachine.lvlib:Main.vi - 0 - 
2024-01-17 18:44:45.506 - DEBUG    - Loading "StateMachine"... - startup.vi - 0 - 
2024-01-17 18:44:45.636 - INFO     - Module DBModule started. - DBModule.lvlib:Main.vi.ACBRProxyCaller.3E700023->DBModule.lvlib:Main.vi - 0 - 
2024-01-17 18:44:45.642 - DEBUG    - Loading "DBModule"... - startup.vi - 0 - 
2024-01-17 18:44:45.663 - DEBUG    - Setting Modules in UI Manager... - startup.vi - 0 - 
2024-01-17 18:44:45.681 - DEBUG    - Setting Modules in Event Manager... - startup.vi - 0 - 
2024-01-17 18:44:45.689 - DEBUG    - Loading Menu... - startup.vi - 0 - 
2024-01-17 18:44:45.696 - INFO     - Module Event Manager configured. - Event Manager.lvlib:Main.vi.ACBRProxyCaller.3C500008->Event Manager.lvlib:Main.vi:4140001 - 0 - 
2024-01-17 18:44:45.697 - DEBUG    - Configure statically loaded modules... - startup.vi - 0 - 
2024-01-17 18:44:45.714 - INFO     - Module UI Manager configured. - UI Manager.lvlib:Main.vi.ACBRProxyCaller.3CD0000F->UI Manager.lvlib:Main.vi - 0 - 
2024-01-17 18:44:45.718 - DEBUG    - Configure module Framework\Navigation ... - startup.vi - 0 - 
2024-01-17 18:44:45.719 - DEBUG    - Module Navigation configured - Navigation.lvlib:Main.vi.ACBRProxyCaller.3D400014->Navigation.lvlib:Main.vi - 0 - 
2024-01-17 18:44:45.722 - DEBUG    - Configure module Modules\Dummy ... - startup.vi - 0 - 
2024-01-17 18:44:45.725 - INFO     - Module User Interface configured. - ActorModule.lvlib:Main.vi.ACBRProxyCaller.3DF0001D->ActorModule.lvlib:Main.vi - 0 - 
2024-01-17 18:44:45.726 - DEBUG    - Configure module Modules\ActorModule ... - startup.vi - 0 - 
2024-01-17 18:44:45.729 - INFO     - Module StateMachine started. - StateMachine.lvlib:Main.vi.ACBRProxyCaller.3E300020->StateMachine.lvlib:Main.vi - 0 - 
2024-01-17 18:44:45.730 - DEBUG    - Initialization finished - StateMachine.lvlib:Main.vi.ACBRProxyCaller.3E300020->StateMachine.lvlib:Main.vi->StateMachine.lvlib:HSE-State-Machine.lvlib:SM Wait for Transition.vi:2550001 - 0 - 
2024-01-17 18:44:45.731 - DEBUG    - Configure module Modules\StateMachine ... - startup.vi - 0 - 
2024-01-17 18:44:45.734 - INFO     - Module DBModule configured. - DBModule.lvlib:Main.vi.ACBRProxyCaller.3E700023->DBModule.lvlib:Main.vi - 0 - 
2024-01-17 18:44:45.735 - DEBUG    - Configure module Modules\DBModule ... - startup.vi - 0 - 
2024-01-17 18:44:49.589 - INFO     - Module DBModule stopped. - DBModule.lvlib:Main.vi.ACBRProxyCaller.3E700023->DBModule.lvlib:Main.vi - 0 - 
2024-01-17 18:44:49.640 - DEBUG    - Exit - StateMachine.lvlib:Main.vi.ACBRProxyCaller.3E300020->StateMachine.lvlib:Main.vi->StateMachine.lvlib:HSE-State-Machine.lvlib:SM Wait for Transition.vi:2550001 - 0 - 
2024-01-17 18:44:49.641 - INFO     - Module StateMachine stopped. - StateMachine.lvlib:Main.vi.ACBRProxyCaller.3E300020->StateMachine.lvlib:Main.vi - 0 - 
2024-01-17 18:44:49.699 - INFO     - Module Navigation stopped - Navigation.lvlib:Main.vi.ACBRProxyCaller.3D400014->Navigation.lvlib:Main.vi - 0 - 
2024-01-17 18:44:49.712 - INFO     - Module UI Manager stopped - UI Manager.lvlib:Main.vi.ACBRProxyCaller.3CD0000F->UI Manager.lvlib:Main.vi - 0 - 
2024-01-17 18:44:49.744 - INFO     - Module Event Manager stopped - Event Manager.lvlib:Main.vi.ACBRProxyCaller.3C500008->Event Manager.lvlib:Main.vi:4140001 - 0 - 
2024-01-17 18:44:49.759 - INFO     - Application stopped. - startup.vi - 0 - 
2024-01-17 18:44:56.668 - INFO     - Starting FReVSys unreleased (Framework v1.2.0; HSE Libs v3.8.0) - startup.vi - 0 - 
2024-01-17 18:44:57.248 - DEBUG    - Loading Event Manager... - startup.vi - 0 - 
2024-01-17 18:44:57.250 - INFO     - Module Event Manager initialised - Event Manager.lvlib:Main.vi.ACBRProxyCaller.2C400008->Event Manager.lvlib:Main.vi:4140001 - 0 - 
2024-01-17 18:44:57.304 - INFO     - Module UI Manager initialised - UI Manager.lvlib:Main.vi.ACBRProxyCaller.2CC0000F->UI Manager.lvlib:Main.vi - 0 - 
2024-01-17 18:44:57.305 - DEBUG    - Loading UI Manager... - startup.vi - 0 - 
2024-01-17 18:44:57.363 - DEBUG    - Loading "Navigation"... - startup.vi - 0 - 
2024-01-17 18:44:57.425 - DEBUG    - Loading "Dummy"... - startup.vi - 0 - 
2024-01-17 18:44:57.453 - DEBUG    - Loading "ActorModule"... - startup.vi - 0 - 
2024-01-17 18:44:57.480 - INFO     - Module StateMachine started. - StateMachine.lvlib:Main.vi.ACBRProxyCaller.2E200020->StateMachine.lvlib:Main.vi - 0 - 
2024-01-17 18:44:57.487 - DEBUG    - Loading "StateMachine"... - startup.vi - 0 - 
2024-01-17 18:44:57.616 - INFO     - Module DBModule started. - DBModule.lvlib:Main.vi.ACBRProxyCaller.2E600023->DBModule.lvlib:Main.vi - 0 - 
2024-01-17 18:44:57.623 - DEBUG    - Loading "DBModule"... - startup.vi - 0 - 
2024-01-17 18:44:57.642 - DEBUG    - Setting Modules in UI Manager... - startup.vi - 0 - 
2024-01-17 18:44:57.660 - DEBUG    - Setting Modules in Event Manager... - startup.vi - 0 - 
2024-01-17 18:44:57.665 - DEBUG    - Loading Menu... - startup.vi - 0 - 
2024-01-17 18:44:57.675 - DEBUG    - Configure statically loaded modules... - startup.vi - 0 - 
2024-01-17 18:44:57.676 - INFO     - Module Event Manager configured. - Event Manager.lvlib:Main.vi.ACBRProxyCaller.2C400008->Event Manager.lvlib:Main.vi:4140001 - 0 - 
2024-01-17 18:44:57.690 - INFO     - Module UI Manager configured. - UI Manager.lvlib:Main.vi.ACBRProxyCaller.2CC0000F->UI Manager.lvlib:Main.vi - 0 - 
2024-01-17 18:44:57.694 - DEBUG    - Configure module Framework\Navigation ... - startup.vi - 0 - 
2024-01-17 18:44:57.695 - DEBUG    - Module Navigation configured - Navigation.lvlib:Main.vi.ACBRProxyCaller.2D300014->Navigation.lvlib:Main.vi - 0 - 
2024-01-17 18:44:57.699 - DEBUG    - Configure module Modules\Dummy ... - startup.vi - 0 - 
2024-01-17 18:44:57.702 - INFO     - Module User Interface configured. - ActorModule.lvlib:Main.vi.ACBRProxyCaller.2DE0001D->ActorModule.lvlib:Main.vi - 0 - 
2024-01-17 18:44:57.704 - DEBUG    - Configure module Modules\ActorModule ... - startup.vi - 0 - 
2024-01-17 18:44:57.706 - INFO     - Module StateMachine started. - StateMachine.lvlib:Main.vi.ACBRProxyCaller.2E200020->StateMachine.lvlib:Main.vi - 0 - 
2024-01-17 18:44:57.707 - DEBUG    - Initialization finished - StateMachine.lvlib:Main.vi.ACBRProxyCaller.2E200020->StateMachine.lvlib:Main.vi->StateMachine.lvlib:HSE-State-Machine.lvlib:SM Wait for Transition.vi:2550001 - 0 - 
2024-01-17 18:44:57.709 - DEBUG    - Configure module Modules\StateMachine ... - startup.vi - 0 - 
2024-01-17 18:44:57.713 - INFO     - Module DBModule configured. - DBModule.lvlib:Main.vi.ACBRProxyCaller.2E600023->DBModule.lvlib:Main.vi - 0 - 
2024-01-17 18:44:57.713 - DEBUG    - Configure module Modules\DBModule ... - startup.vi - 0 - 
2024-01-17 18:50:03.738 - INFO     - Module DBModule stopped. - DBModule.lvlib:Main.vi.ACBRProxyCaller.2E600023->DBModule.lvlib:Main.vi - 0 - 
2024-01-17 18:50:03.785 - DEBUG    - Exit - StateMachine.lvlib:Main.vi.ACBRProxyCaller.2E200020->StateMachine.lvlib:Main.vi->StateMachine.lvlib:HSE-State-Machine.lvlib:SM Wait for Transition.vi:2550001 - 0 - 
2024-01-17 18:50:03.786 - INFO     - Module StateMachine stopped. - StateMachine.lvlib:Main.vi.ACBRProxyCaller.2E200020->StateMachine.lvlib:Main.vi - 0 - 
2024-01-17 18:50:03.876 - INFO     - Module Navigation stopped - Navigation.lvlib:Main.vi.ACBRProxyCaller.2D300014->Navigation.lvlib:Main.vi - 0 - 
2024-01-17 18:50:03.899 - INFO     - Module UI Manager stopped - UI Manager.lvlib:Main.vi.ACBRProxyCaller.2CC0000F->UI Manager.lvlib:Main.vi - 0 - 
2024-01-17 18:50:03.926 - INFO     - Module Event Manager stopped - Event Manager.lvlib:Main.vi.ACBRProxyCaller.2C400008->Event Manager.lvlib:Main.vi:4140001 - 0 - 
2024-01-17 18:50:03.952 - INFO     - Application stopped. - startup.vi - 0 - 
